2024-06-25 08:48:29,098 INFO script started
2024-06-25 08:48:29,098 INFO parsing channel zhest_29_chat
2024-06-25 08:48:29,186 INFO Connecting...
2024-06-25 08:48:29,253 INFO Connected! Production DC2 - IPv4
2024-06-25 08:48:29,254 INFO NetworkTask started
2024-06-25 08:48:29,593 INFO Session initialized: Layer 158
2024-06-25 08:48:29,594 INFO Device: CPython 3.11.9 - Pyrogram 2.0.106
2024-06-25 08:48:29,594 INFO System: Windows 10 (en)
2024-06-25 08:48:29,594 INFO Session started
2024-06-25 08:48:29,612 INFO PingTask started
2024-06-25 08:48:29,773 INFO Started 16 HandlerTasks
2024-06-25 08:48:30,969 WARNING [AttributeError("'NoneType' object has no attribute 'split'"), UnboundLocalError("cannot access local variable 'msg_text' where it is not associated with a value"), UnboundLocalError("cannot access local variable 'msg_text' where it is not associated with a value")]
2024-06-25 08:48:30,991 INFO Stopped 16 HandlerTasks
2024-06-25 08:48:30,992 INFO PingTask stopped
2024-06-25 08:48:30,993 INFO Disconnected
2024-06-25 08:48:30,993 INFO NetworkTask stopped
2024-06-25 08:48:30,994 INFO Session stopped
2024-06-25 08:48:30,994 WARNING some errors occurred during script execution
2024-06-25 08:48:34,167 INFO Loading dictionaries from D:\Git_hub\qoliru\backend\venv\Lib\site-packages\pymorphy3_dicts_ru\data
2024-06-25 08:48:34,258 INFO format: 2.4, revision: 417150, updated: 2022-01-08T22:09:24.565962
2024-06-25 08:48:37,637 INFO script started
2024-06-25 08:48:37,637 INFO parsing channel chatter29
2024-06-25 08:48:37,677 INFO Connecting...
2024-06-25 08:48:37,735 INFO Connected! Production DC2 - IPv4
2024-06-25 08:48:37,735 INFO NetworkTask started
2024-06-25 08:48:38,015 INFO Session initialized: Layer 158
2024-06-25 08:48:38,015 INFO Device: CPython 3.11.9 - Pyrogram 2.0.106
2024-06-25 08:48:38,015 INFO System: Windows 10 (en)
2024-06-25 08:48:38,015 INFO Session started
2024-06-25 08:48:38,019 INFO PingTask started
2024-06-25 08:48:38,157 INFO Started 16 HandlerTasks
2024-06-25 08:48:39,106 WARNING [AttributeError("'NoneType' object has no attribute 'split'"), UnboundLocalError("cannot access local variable 'msg_text' where it is not associated with a value"), UnboundLocalError("cannot access local variable 'msg_text' where it is not associated with a value"), AttributeError("'NoneType' object has no attribute 'split'")]
2024-06-25 08:48:39,132 INFO Stopped 16 HandlerTasks
2024-06-25 08:48:39,133 INFO PingTask stopped
2024-06-25 08:48:39,134 INFO Disconnected
2024-06-25 08:48:39,134 INFO NetworkTask stopped
2024-06-25 08:48:39,135 INFO Session stopped
2024-06-25 08:48:39,136 WARNING some errors occurred during script execution
2024-06-25 08:48:39,173 INFO script started
2024-06-25 08:48:39,173 INFO parsing channel arkhangelsk001
2024-06-25 08:48:39,210 INFO Connecting...
2024-06-25 08:48:39,282 INFO Connected! Production DC2 - IPv4
2024-06-25 08:48:39,282 INFO NetworkTask started
2024-06-25 08:48:39,615 INFO Session initialized: Layer 158
2024-06-25 08:48:39,615 INFO Device: CPython 3.11.9 - Pyrogram 2.0.106
2024-06-25 08:48:39,615 INFO System: Windows 10 (en)
2024-06-25 08:48:39,615 INFO Session started
2024-06-25 08:48:39,620 INFO PingTask started
2024-06-25 08:48:39,783 INFO Started 16 HandlerTasks
2024-06-25 08:48:46,944 WARNING [AttributeError("'NoneType' object has no attribute 'split'"), AttributeError("'NoneType' object has no attribute 'split'"), AttributeError("'NoneType' object has no attribute 'split'"), AttributeError("'NoneType' object has no attribute 'split'"), AttributeError("'NoneType' object has no attribute 'split'"), AttributeError("'NoneType' object has no attribute 'split'"), AttributeError("'NoneType' object has no attribute 'split'"), AttributeError("'NoneType' object has no attribute 'split'"), AttributeError("'NoneType' object has no attribute 'split'"), AttributeError("'NoneType' object has no attribute 'split'"), AttributeError("'NoneType' object has no attribute 'split'"), AttributeError("'NoneType' object has no attribute 'split'"), AttributeError("'NoneType' object has no attribute 'split'"), AttributeError("'NoneType' object has no attribute 'split'"), AttributeError("'NoneType' object has no attribute 'split'"), AttributeError("'NoneType' object has no attribute 'split'"), AttributeError("'NoneType' object has no attribute 'split'"), UnboundLocalError("cannot access local variable 'msg_text' where it is not associated with a value"), AttributeError("'NoneType' object has no attribute 'split'"), AttributeError("'NoneType' object has no attribute 'split'"), AttributeError("'NoneType' object has no attribute 'split'"), AttributeError("'NoneType' object has no attribute 'split'"), AttributeError("'NoneType' object has no attribute 'split'"), AttributeError("'NoneType' object has no attribute 'split'"), UnboundLocalError("cannot access local variable 'msg_text' where it is not associated with a value"), AttributeError("'NoneType' object has no attribute 'split'"), AttributeError("'NoneType' object has no attribute 'split'"), AttributeError("'NoneType' object has no attribute 'split'"), AttributeError("'NoneType' object has no attribute 'split'"), AttributeError("'NoneType' object has no attribute 'split'"), AttributeError("'NoneType' object has no attribute 'split'")]
2024-06-25 08:48:46,956 INFO Stopped 16 HandlerTasks
2024-06-25 08:48:46,956 INFO PingTask stopped
2024-06-25 08:48:46,956 INFO Disconnected
2024-06-25 08:48:46,957 INFO NetworkTask stopped
2024-06-25 08:48:46,957 INFO Session stopped
2024-06-25 08:48:46,957 WARNING some errors occurred during script execution
2024-06-25 08:48:50,172 INFO Loading dictionaries from D:\Git_hub\qoliru\backend\venv\Lib\site-packages\pymorphy3_dicts_ru\data
2024-06-25 08:48:50,198 INFO format: 2.4, revision: 417150, updated: 2022-01-08T22:09:24.565962
2024-06-25 08:48:56,074 INFO Loading dictionaries from D:\Git_hub\qoliru\backend\venv\Lib\site-packages\pymorphy3_dicts_ru\data
2024-06-25 08:48:56,101 INFO format: 2.4, revision: 417150, updated: 2022-01-08T22:09:24.565962
2024-06-25 08:49:01,976 INFO Loading dictionaries from D:\Git_hub\qoliru\backend\venv\Lib\site-packages\pymorphy3_dicts_ru\data
2024-06-25 08:49:02,003 INFO format: 2.4, revision: 417150, updated: 2022-01-08T22:09:24.565962
2024-06-25 08:49:08,658 INFO Loading dictionaries from D:\Git_hub\qoliru\backend\venv\Lib\site-packages\pymorphy3_dicts_ru\data
2024-06-25 08:49:08,688 INFO format: 2.4, revision: 417150, updated: 2022-01-08T22:09:24.565962
2024-06-25 08:49:15,463 INFO Loading dictionaries from D:\Git_hub\qoliru\backend\venv\Lib\site-packages\pymorphy3_dicts_ru\data
2024-06-25 08:49:15,490 INFO format: 2.4, revision: 417150, updated: 2022-01-08T22:09:24.565962
2024-06-25 08:49:21,553 INFO Loading dictionaries from D:\Git_hub\qoliru\backend\venv\Lib\site-packages\pymorphy3_dicts_ru\data
2024-06-25 08:49:21,579 INFO format: 2.4, revision: 417150, updated: 2022-01-08T22:09:24.565962
2024-06-25 08:49:27,823 INFO Loading dictionaries from D:\Git_hub\qoliru\backend\venv\Lib\site-packages\pymorphy3_dicts_ru\data
2024-06-25 08:49:27,848 INFO format: 2.4, revision: 417150, updated: 2022-01-08T22:09:24.565962
2024-06-25 08:49:33,919 INFO Loading dictionaries from D:\Git_hub\qoliru\backend\venv\Lib\site-packages\pymorphy3_dicts_ru\data
2024-06-25 08:49:33,956 INFO format: 2.4, revision: 417150, updated: 2022-01-08T22:09:24.565962
2024-06-25 08:49:40,488 INFO Loading dictionaries from D:\Git_hub\qoliru\backend\venv\Lib\site-packages\pymorphy3_dicts_ru\data
2024-06-25 08:49:40,516 INFO format: 2.4, revision: 417150, updated: 2022-01-08T22:09:24.565962
2024-06-25 08:49:47,398 INFO Loading dictionaries from D:\Git_hub\qoliru\backend\venv\Lib\site-packages\pymorphy3_dicts_ru\data
2024-06-25 08:49:47,451 INFO format: 2.4, revision: 417150, updated: 2022-01-08T22:09:24.565962
2024-06-25 08:49:54,052 INFO Loading dictionaries from D:\Git_hub\qoliru\backend\venv\Lib\site-packages\pymorphy3_dicts_ru\data
2024-06-25 08:49:54,083 INFO format: 2.4, revision: 417150, updated: 2022-01-08T22:09:24.565962
2024-06-25 08:50:00,540 INFO Loading dictionaries from D:\Git_hub\qoliru\backend\venv\Lib\site-packages\pymorphy3_dicts_ru\data
2024-06-25 08:50:00,677 INFO format: 2.4, revision: 417150, updated: 2022-01-08T22:09:24.565962
2024-06-25 08:50:07,402 INFO Loading dictionaries from D:\Git_hub\qoliru\backend\venv\Lib\site-packages\pymorphy3_dicts_ru\data
2024-06-25 08:50:07,440 INFO format: 2.4, revision: 417150, updated: 2022-01-08T22:09:24.565962
2024-06-25 08:50:13,900 INFO Loading dictionaries from D:\Git_hub\qoliru\backend\venv\Lib\site-packages\pymorphy3_dicts_ru\data
2024-06-25 08:50:13,930 INFO format: 2.4, revision: 417150, updated: 2022-01-08T22:09:24.565962
2024-06-25 08:50:20,352 INFO Loading dictionaries from D:\Git_hub\qoliru\backend\venv\Lib\site-packages\pymorphy3_dicts_ru\data
2024-06-25 08:50:20,381 INFO format: 2.4, revision: 417150, updated: 2022-01-08T22:09:24.565962
2024-06-25 08:50:26,838 INFO Loading dictionaries from D:\Git_hub\qoliru\backend\venv\Lib\site-packages\pymorphy3_dicts_ru\data
2024-06-25 08:50:26,867 INFO format: 2.4, revision: 417150, updated: 2022-01-08T22:09:24.565962
2024-06-25 08:50:33,315 INFO Loading dictionaries from D:\Git_hub\qoliru\backend\venv\Lib\site-packages\pymorphy3_dicts_ru\data
2024-06-25 08:50:33,352 INFO format: 2.4, revision: 417150, updated: 2022-01-08T22:09:24.565962
2024-06-25 08:50:36,438 INFO script started
2024-06-25 08:50:36,438 INFO parsing channel crimyakutiaru
2024-06-25 08:50:36,479 INFO Connecting...
2024-06-25 08:50:36,546 INFO Connected! Production DC2 - IPv4
2024-06-25 08:50:36,546 INFO NetworkTask started
2024-06-25 08:50:36,868 INFO Session initialized: Layer 158
2024-06-25 08:50:36,868 INFO Device: CPython 3.11.9 - Pyrogram 2.0.106
2024-06-25 08:50:36,868 INFO System: Windows 10 (en)
2024-06-25 08:50:36,868 INFO Session started
2024-06-25 08:50:36,872 INFO PingTask started
2024-06-25 08:50:37,032 INFO Started 16 HandlerTasks
2024-06-25 08:50:38,014 WARNING [UnboundLocalError("cannot access local variable 'msg_text' where it is not associated with a value"), UnboundLocalError("cannot access local variable 'msg_text' where it is not associated with a value"), UnboundLocalError("cannot access local variable 'msg_text' where it is not associated with a value"), UnboundLocalError("cannot access local variable 'msg_text' where it is not associated with a value"), UnboundLocalError("cannot access local variable 'msg_text' where it is not associated with a value"), UnboundLocalError("cannot access local variable 'msg_text' where it is not associated with a value"), AttributeError("'NoneType' object has no attribute 'split'")]
2024-06-25 08:50:38,025 INFO Stopped 16 HandlerTasks
2024-06-25 08:50:38,026 INFO PingTask stopped
2024-06-25 08:50:38,026 INFO Disconnected
2024-06-25 08:50:38,026 INFO NetworkTask stopped
2024-06-25 08:50:38,026 INFO Session stopped
2024-06-25 08:50:38,026 WARNING some errors occurred during script execution
2024-06-25 08:50:42,423 INFO Loading dictionaries from D:\Git_hub\qoliru\backend\venv\Lib\site-packages\pymorphy3_dicts_ru\data
2024-06-25 08:50:42,453 INFO format: 2.4, revision: 417150, updated: 2022-01-08T22:09:24.565962
2024-06-25 08:50:50,516 INFO Loading dictionaries from D:\Git_hub\qoliru\backend\venv\Lib\site-packages\pymorphy3_dicts_ru\data
2024-06-25 08:50:50,655 INFO format: 2.4, revision: 417150, updated: 2022-01-08T22:09:24.565962
2024-06-25 08:50:58,447 INFO Loading dictionaries from D:\Git_hub\qoliru\backend\venv\Lib\site-packages\pymorphy3_dicts_ru\data
2024-06-25 08:50:58,479 INFO format: 2.4, revision: 417150, updated: 2022-01-08T22:09:24.565962
2024-06-25 08:51:06,894 INFO Loading dictionaries from D:\Git_hub\qoliru\backend\venv\Lib\site-packages\pymorphy3_dicts_ru\data
2024-06-25 08:51:06,920 INFO format: 2.4, revision: 417150, updated: 2022-01-08T22:09:24.565962
2024-06-25 08:51:13,559 INFO Loading dictionaries from D:\Git_hub\qoliru\backend\venv\Lib\site-packages\pymorphy3_dicts_ru\data
2024-06-25 08:51:13,591 INFO format: 2.4, revision: 417150, updated: 2022-01-08T22:09:24.565962
2024-06-25 08:51:20,017 INFO Loading dictionaries from D:\Git_hub\qoliru\backend\venv\Lib\site-packages\pymorphy3_dicts_ru\data
2024-06-25 08:51:20,055 INFO format: 2.4, revision: 417150, updated: 2022-01-08T22:09:24.565962
2024-06-25 08:51:26,593 INFO Loading dictionaries from D:\Git_hub\qoliru\backend\venv\Lib\site-packages\pymorphy3_dicts_ru\data
2024-06-25 08:51:26,621 INFO format: 2.4, revision: 417150, updated: 2022-01-08T22:09:24.565962
2024-06-25 08:51:35,951 INFO Loading dictionaries from D:\Git_hub\qoliru\backend\venv\Lib\site-packages\pymorphy3_dicts_ru\data
2024-06-25 08:51:35,977 INFO format: 2.4, revision: 417150, updated: 2022-01-08T22:09:24.565962
2024-06-25 08:51:42,910 INFO Loading dictionaries from D:\Git_hub\qoliru\backend\venv\Lib\site-packages\pymorphy3_dicts_ru\data
2024-06-25 08:51:42,989 INFO format: 2.4, revision: 417150, updated: 2022-01-08T22:09:24.565962
2024-06-25 08:51:49,887 INFO Loading dictionaries from D:\Git_hub\qoliru\backend\venv\Lib\site-packages\pymorphy3_dicts_ru\data
2024-06-25 08:51:49,913 INFO format: 2.4, revision: 417150, updated: 2022-01-08T22:09:24.565962
2024-06-25 08:51:53,023 INFO script started
2024-06-25 08:51:53,023 INFO parsing channel sakhaday
2024-06-25 08:51:53,063 INFO Connecting...
2024-06-25 08:51:53,135 INFO Connected! Production DC2 - IPv4
2024-06-25 08:51:53,135 INFO NetworkTask started
2024-06-25 08:51:53,508 INFO Session initialized: Layer 158
2024-06-25 08:51:53,508 INFO Device: CPython 3.11.9 - Pyrogram 2.0.106
2024-06-25 08:51:53,508 INFO System: Windows 10 (en)
2024-06-25 08:51:53,508 INFO Session started
2024-06-25 08:51:53,513 INFO PingTask started
2024-06-25 08:51:53,739 INFO Started 16 HandlerTasks
2024-06-25 08:51:55,068 WARNING [UnboundLocalError("cannot access local variable 'msg_text' where it is not associated with a value"), UnboundLocalError("cannot access local variable 'msg_text' where it is not associated with a value"), UnboundLocalError("cannot access local variable 'msg_text' where it is not associated with a value"), UnboundLocalError("cannot access local variable 'msg_text' where it is not associated with a value"), UnboundLocalError("cannot access local variable 'msg_text' where it is not associated with a value"), UnboundLocalError("cannot access local variable 'msg_text' where it is not associated with a value"), UnboundLocalError("cannot access local variable 'msg_text' where it is not associated with a value"), UnboundLocalError("cannot access local variable 'msg_text' where it is not associated with a value"), UnboundLocalError("cannot access local variable 'msg_text' where it is not associated with a value"), UnboundLocalError("cannot access local variable 'msg_text' where it is not associated with a value"), AttributeError("'NoneType' object has no attribute 'split'"), UnboundLocalError("cannot access local variable 'msg_text' where it is not associated with a value"), UnboundLocalError("cannot access local variable 'msg_text' where it is not associated with a value"), UnboundLocalError("cannot access local variable 'msg_text' where it is not associated with a value"), UnboundLocalError("cannot access local variable 'msg_text' where it is not associated with a value"), UnboundLocalError("cannot access local variable 'msg_text' where it is not associated with a value")]
2024-06-25 08:51:55,081 INFO Stopped 16 HandlerTasks
2024-06-25 08:51:55,081 INFO PingTask stopped
2024-06-25 08:51:55,082 INFO Disconnected
2024-06-25 08:51:55,082 INFO NetworkTask stopped
2024-06-25 08:51:55,082 INFO Session stopped
2024-06-25 08:51:55,082 WARNING some errors occurred during script execution
2024-06-25 08:51:58,460 INFO Loading dictionaries from D:\Git_hub\qoliru\backend\venv\Lib\site-packages\pymorphy3_dicts_ru\data
2024-06-25 08:51:58,488 INFO format: 2.4, revision: 417150, updated: 2022-01-08T22:09:24.565962
2024-06-25 08:52:04,907 INFO Loading dictionaries from D:\Git_hub\qoliru\backend\venv\Lib\site-packages\pymorphy3_dicts_ru\data
2024-06-25 08:52:04,939 INFO format: 2.4, revision: 417150, updated: 2022-01-08T22:09:24.565962
2024-06-25 08:52:11,468 INFO Loading dictionaries from D:\Git_hub\qoliru\backend\venv\Lib\site-packages\pymorphy3_dicts_ru\data
2024-06-25 08:52:11,497 INFO format: 2.4, revision: 417150, updated: 2022-01-08T22:09:24.565962
2024-06-25 08:52:18,421 INFO Loading dictionaries from D:\Git_hub\qoliru\backend\venv\Lib\site-packages\pymorphy3_dicts_ru\data
2024-06-25 08:52:18,448 INFO format: 2.4, revision: 417150, updated: 2022-01-08T22:09:24.565962
2024-06-25 08:52:24,901 INFO Loading dictionaries from D:\Git_hub\qoliru\backend\venv\Lib\site-packages\pymorphy3_dicts_ru\data
2024-06-25 08:52:24,929 INFO format: 2.4, revision: 417150, updated: 2022-01-08T22:09:24.565962
2024-06-25 08:52:32,460 INFO Loading dictionaries from D:\Git_hub\qoliru\backend\venv\Lib\site-packages\pymorphy3_dicts_ru\data
2024-06-25 08:52:32,486 INFO format: 2.4, revision: 417150, updated: 2022-01-08T22:09:24.565962
2024-06-25 08:52:38,594 INFO Loading dictionaries from D:\Git_hub\qoliru\backend\venv\Lib\site-packages\pymorphy3_dicts_ru\data
2024-06-25 08:52:38,619 INFO format: 2.4, revision: 417150, updated: 2022-01-08T22:09:24.565962
2024-06-25 08:52:48,354 INFO Loading dictionaries from D:\Git_hub\qoliru\backend\venv\Lib\site-packages\pymorphy3_dicts_ru\data
2024-06-25 08:52:48,379 INFO format: 2.4, revision: 417150, updated: 2022-01-08T22:09:24.565962
2024-06-25 08:52:55,239 INFO Loading dictionaries from D:\Git_hub\qoliru\backend\venv\Lib\site-packages\pymorphy3_dicts_ru\data
2024-06-25 08:52:55,271 INFO format: 2.4, revision: 417150, updated: 2022-01-08T22:09:24.565962
2024-06-25 08:53:01,639 INFO Loading dictionaries from D:\Git_hub\qoliru\backend\venv\Lib\site-packages\pymorphy3_dicts_ru\data
2024-06-25 08:53:01,666 INFO format: 2.4, revision: 417150, updated: 2022-01-08T22:09:24.565962
2024-06-25 08:53:08,164 INFO Loading dictionaries from D:\Git_hub\qoliru\backend\venv\Lib\site-packages\pymorphy3_dicts_ru\data
2024-06-25 08:53:08,190 INFO format: 2.4, revision: 417150, updated: 2022-01-08T22:09:24.565962
2024-06-25 08:53:16,237 INFO Loading dictionaries from D:\Git_hub\qoliru\backend\venv\Lib\site-packages\pymorphy3_dicts_ru\data
2024-06-25 08:53:16,274 INFO format: 2.4, revision: 417150, updated: 2022-01-08T22:09:24.565962
2024-06-25 08:53:23,167 INFO Loading dictionaries from D:\Git_hub\qoliru\backend\venv\Lib\site-packages\pymorphy3_dicts_ru\data
2024-06-25 08:53:23,195 INFO format: 2.4, revision: 417150, updated: 2022-01-08T22:09:24.565962
2024-06-25 08:53:29,662 INFO Loading dictionaries from D:\Git_hub\qoliru\backend\venv\Lib\site-packages\pymorphy3_dicts_ru\data
2024-06-25 08:53:29,689 INFO format: 2.4, revision: 417150, updated: 2022-01-08T22:09:24.565962
2024-06-25 08:53:36,150 INFO Loading dictionaries from D:\Git_hub\qoliru\backend\venv\Lib\site-packages\pymorphy3_dicts_ru\data
2024-06-25 08:53:36,177 INFO format: 2.4, revision: 417150, updated: 2022-01-08T22:09:24.565962
2024-06-25 08:53:42,640 INFO Loading dictionaries from D:\Git_hub\qoliru\backend\venv\Lib\site-packages\pymorphy3_dicts_ru\data
2024-06-25 08:53:42,665 INFO format: 2.4, revision: 417150, updated: 2022-01-08T22:09:24.565962
2024-06-25 08:53:49,057 INFO Loading dictionaries from D:\Git_hub\qoliru\backend\venv\Lib\site-packages\pymorphy3_dicts_ru\data
2024-06-25 08:53:49,082 INFO format: 2.4, revision: 417150, updated: 2022-01-08T22:09:24.565962
2024-06-25 08:53:55,447 INFO Loading dictionaries from D:\Git_hub\qoliru\backend\venv\Lib\site-packages\pymorphy3_dicts_ru\data
2024-06-25 08:53:55,478 INFO format: 2.4, revision: 417150, updated: 2022-01-08T22:09:24.565962
2024-06-25 08:54:02,876 INFO Loading dictionaries from D:\Git_hub\qoliru\backend\venv\Lib\site-packages\pymorphy3_dicts_ru\data
2024-06-25 08:54:02,903 INFO format: 2.4, revision: 417150, updated: 2022-01-08T22:09:24.565962
2024-06-25 08:54:09,487 INFO Loading dictionaries from D:\Git_hub\qoliru\backend\venv\Lib\site-packages\pymorphy3_dicts_ru\data
2024-06-25 08:54:09,514 INFO format: 2.4, revision: 417150, updated: 2022-01-08T22:09:24.565962
2024-06-25 08:54:19,589 INFO Loading dictionaries from D:\Git_hub\qoliru\backend\venv\Lib\site-packages\pymorphy3_dicts_ru\data
2024-06-25 08:54:19,621 INFO format: 2.4, revision: 417150, updated: 2022-01-08T22:09:24.565962
2024-06-25 08:54:26,234 INFO Loading dictionaries from D:\Git_hub\qoliru\backend\venv\Lib\site-packages\pymorphy3_dicts_ru\data
2024-06-25 08:54:26,270 INFO format: 2.4, revision: 417150, updated: 2022-01-08T22:09:24.565962
2024-06-25 08:54:33,514 INFO Loading dictionaries from D:\Git_hub\qoliru\backend\venv\Lib\site-packages\pymorphy3_dicts_ru\data
2024-06-25 08:54:33,648 INFO format: 2.4, revision: 417150, updated: 2022-01-08T22:09:24.565962
2024-06-25 08:54:40,449 INFO Loading dictionaries from D:\Git_hub\qoliru\backend\venv\Lib\site-packages\pymorphy3_dicts_ru\data
2024-06-25 08:54:40,497 INFO format: 2.4, revision: 417150, updated: 2022-01-08T22:09:24.565962
2024-06-25 08:54:46,930 INFO Loading dictionaries from D:\Git_hub\qoliru\backend\venv\Lib\site-packages\pymorphy3_dicts_ru\data
2024-06-25 08:54:46,960 INFO format: 2.4, revision: 417150, updated: 2022-01-08T22:09:24.565962
2024-06-25 08:54:53,664 INFO Loading dictionaries from D:\Git_hub\qoliru\backend\venv\Lib\site-packages\pymorphy3_dicts_ru\data
2024-06-25 08:54:53,690 INFO format: 2.4, revision: 417150, updated: 2022-01-08T22:09:24.565962
2024-06-25 08:55:00,061 INFO Loading dictionaries from D:\Git_hub\qoliru\backend\venv\Lib\site-packages\pymorphy3_dicts_ru\data
2024-06-25 08:55:00,091 INFO format: 2.4, revision: 417150, updated: 2022-01-08T22:09:24.565962
2024-06-25 08:55:07,276 INFO Loading dictionaries from D:\Git_hub\qoliru\backend\venv\Lib\site-packages\pymorphy3_dicts_ru\data
2024-06-25 08:55:07,308 INFO format: 2.4, revision: 417150, updated: 2022-01-08T22:09:24.565962
2024-06-25 08:55:13,859 INFO Loading dictionaries from D:\Git_hub\qoliru\backend\venv\Lib\site-packages\pymorphy3_dicts_ru\data
2024-06-25 08:55:13,887 INFO format: 2.4, revision: 417150, updated: 2022-01-08T22:09:24.565962
2024-06-25 08:55:20,654 INFO Loading dictionaries from D:\Git_hub\qoliru\backend\venv\Lib\site-packages\pymorphy3_dicts_ru\data
2024-06-25 08:55:20,786 INFO format: 2.4, revision: 417150, updated: 2022-01-08T22:09:24.565962
2024-06-25 08:55:27,862 INFO Loading dictionaries from D:\Git_hub\qoliru\backend\venv\Lib\site-packages\pymorphy3_dicts_ru\data
2024-06-25 08:55:27,888 INFO format: 2.4, revision: 417150, updated: 2022-01-08T22:09:24.565962
2024-06-25 08:55:34,422 INFO Loading dictionaries from D:\Git_hub\qoliru\backend\venv\Lib\site-packages\pymorphy3_dicts_ru\data
2024-06-25 08:55:34,456 INFO format: 2.4, revision: 417150, updated: 2022-01-08T22:09:24.565962
2024-06-25 08:55:41,061 INFO Loading dictionaries from D:\Git_hub\qoliru\backend\venv\Lib\site-packages\pymorphy3_dicts_ru\data
2024-06-25 08:55:41,087 INFO format: 2.4, revision: 417150, updated: 2022-01-08T22:09:24.565962
2024-06-25 08:55:47,607 INFO Loading dictionaries from D:\Git_hub\qoliru\backend\venv\Lib\site-packages\pymorphy3_dicts_ru\data
2024-06-25 08:55:47,636 INFO format: 2.4, revision: 417150, updated: 2022-01-08T22:09:24.565962
2024-06-25 08:55:53,970 INFO Loading dictionaries from D:\Git_hub\qoliru\backend\venv\Lib\site-packages\pymorphy3_dicts_ru\data
2024-06-25 08:55:53,997 INFO format: 2.4, revision: 417150, updated: 2022-01-08T22:09:24.565962
2024-06-25 08:56:00,514 INFO Loading dictionaries from D:\Git_hub\qoliru\backend\venv\Lib\site-packages\pymorphy3_dicts_ru\data
2024-06-25 08:56:00,549 INFO format: 2.4, revision: 417150, updated: 2022-01-08T22:09:24.565962
2024-06-25 08:56:07,273 INFO Loading dictionaries from D:\Git_hub\qoliru\backend\venv\Lib\site-packages\pymorphy3_dicts_ru\data
2024-06-25 08:56:07,300 INFO format: 2.4, revision: 417150, updated: 2022-01-08T22:09:24.565962
2024-06-25 08:56:10,593 INFO script started
2024-06-25 08:56:10,593 INFO parsing channel novosty_yakutska
2024-06-25 08:56:10,637 INFO Connecting...
2024-06-25 08:56:10,698 INFO Connected! Production DC2 - IPv4
2024-06-25 08:56:10,698 INFO NetworkTask started
2024-06-25 08:56:11,025 INFO Session initialized: Layer 158
2024-06-25 08:56:11,025 INFO Device: CPython 3.11.9 - Pyrogram 2.0.106
2024-06-25 08:56:11,025 INFO System: Windows 10 (en)
2024-06-25 08:56:11,025 INFO Session started
2024-06-25 08:56:11,030 INFO PingTask started
2024-06-25 08:56:11,227 INFO Started 16 HandlerTasks
2024-06-25 08:56:12,262 WARNING [UnboundLocalError("cannot access local variable 'msg_text' where it is not associated with a value")]
2024-06-25 08:56:12,274 INFO Stopped 16 HandlerTasks
2024-06-25 08:56:12,275 INFO PingTask stopped
2024-06-25 08:56:12,275 INFO Disconnected
2024-06-25 08:56:12,275 INFO NetworkTask stopped
2024-06-25 08:56:12,275 INFO Session stopped
2024-06-25 08:56:12,275 WARNING some errors occurred during script execution
2024-06-25 08:56:16,072 INFO Loading dictionaries from D:\Git_hub\qoliru\backend\venv\Lib\site-packages\pymorphy3_dicts_ru\data
2024-06-25 08:56:16,102 INFO format: 2.4, revision: 417150, updated: 2022-01-08T22:09:24.565962
2024-06-25 08:56:22,422 INFO Loading dictionaries from D:\Git_hub\qoliru\backend\venv\Lib\site-packages\pymorphy3_dicts_ru\data
2024-06-25 08:56:22,448 INFO format: 2.4, revision: 417150, updated: 2022-01-08T22:09:24.565962
2024-06-25 08:56:29,155 INFO Loading dictionaries from D:\Git_hub\qoliru\backend\venv\Lib\site-packages\pymorphy3_dicts_ru\data
2024-06-25 08:56:29,181 INFO format: 2.4, revision: 417150, updated: 2022-01-08T22:09:24.565962
2024-06-25 08:56:36,563 INFO Loading dictionaries from D:\Git_hub\qoliru\backend\venv\Lib\site-packages\pymorphy3_dicts_ru\data
2024-06-25 08:56:36,594 INFO format: 2.4, revision: 417150, updated: 2022-01-08T22:09:24.565962
2024-06-25 08:56:43,122 INFO Loading dictionaries from D:\Git_hub\qoliru\backend\venv\Lib\site-packages\pymorphy3_dicts_ru\data
2024-06-25 08:56:43,151 INFO format: 2.4, revision: 417150, updated: 2022-01-08T22:09:24.565962
2024-06-25 08:56:49,586 INFO Loading dictionaries from D:\Git_hub\qoliru\backend\venv\Lib\site-packages\pymorphy3_dicts_ru\data
2024-06-25 08:56:49,619 INFO format: 2.4, revision: 417150, updated: 2022-01-08T22:09:24.565962
2024-06-25 08:56:56,450 INFO Loading dictionaries from D:\Git_hub\qoliru\backend\venv\Lib\site-packages\pymorphy3_dicts_ru\data
2024-06-25 08:56:56,483 INFO format: 2.4, revision: 417150, updated: 2022-01-08T22:09:24.565962
2024-06-25 08:57:03,021 INFO Loading dictionaries from D:\Git_hub\qoliru\backend\venv\Lib\site-packages\pymorphy3_dicts_ru\data
2024-06-25 08:57:03,046 INFO format: 2.4, revision: 417150, updated: 2022-01-08T22:09:24.565962
2024-06-25 08:57:06,119 INFO script started
2024-06-25 08:57:06,119 INFO parsing channel yakutsk_vecherniy
2024-06-25 08:57:06,169 INFO Connecting...
2024-06-25 08:57:06,234 INFO Connected! Production DC2 - IPv4
2024-06-25 08:57:06,234 INFO NetworkTask started
2024-06-25 08:57:06,546 INFO Session initialized: Layer 158
2024-06-25 08:57:06,546 INFO Device: CPython 3.11.9 - Pyrogram 2.0.106
2024-06-25 08:57:06,546 INFO System: Windows 10 (en)
2024-06-25 08:57:06,546 INFO Session started
2024-06-25 08:57:06,550 INFO PingTask started
2024-06-25 08:57:06,702 INFO Started 16 HandlerTasks
2024-06-25 08:57:07,462 WARNING [UnboundLocalError("cannot access local variable 'msg_text' where it is not associated with a value"), UnboundLocalError("cannot access local variable 'msg_text' where it is not associated with a value"), UnboundLocalError("cannot access local variable 'msg_text' where it is not associated with a value"), UnboundLocalError("cannot access local variable 'msg_text' where it is not associated with a value"), UnboundLocalError("cannot access local variable 'msg_text' where it is not associated with a value"), UnboundLocalError("cannot access local variable 'msg_text' where it is not associated with a value"), UnboundLocalError("cannot access local variable 'msg_text' where it is not associated with a value"), UnboundLocalError("cannot access local variable 'msg_text' where it is not associated with a value")]
2024-06-25 08:57:07,475 INFO Stopped 16 HandlerTasks
2024-06-25 08:57:07,475 INFO PingTask stopped
2024-06-25 08:57:07,476 INFO Disconnected
2024-06-25 08:57:07,476 INFO NetworkTask stopped
2024-06-25 08:57:07,476 INFO Session stopped
2024-06-25 08:57:07,476 WARNING some errors occurred during script execution
2024-06-25 08:57:10,867 INFO Loading dictionaries from D:\Git_hub\qoliru\backend\venv\Lib\site-packages\pymorphy3_dicts_ru\data
2024-06-25 08:57:10,894 INFO format: 2.4, revision: 417150, updated: 2022-01-08T22:09:24.565962
2024-06-25 08:57:17,556 INFO Loading dictionaries from D:\Git_hub\qoliru\backend\venv\Lib\site-packages\pymorphy3_dicts_ru\data
2024-06-25 08:57:17,583 INFO format: 2.4, revision: 417150, updated: 2022-01-08T22:09:24.565962
2024-06-25 08:57:23,788 INFO Loading dictionaries from D:\Git_hub\qoliru\backend\venv\Lib\site-packages\pymorphy3_dicts_ru\data
2024-06-25 08:57:23,816 INFO format: 2.4, revision: 417150, updated: 2022-01-08T22:09:24.565962
2024-06-25 08:57:30,375 INFO Loading dictionaries from D:\Git_hub\qoliru\backend\venv\Lib\site-packages\pymorphy3_dicts_ru\data
2024-06-25 08:57:30,404 INFO format: 2.4, revision: 417150, updated: 2022-01-08T22:09:24.565962
2024-06-25 08:57:36,731 INFO Loading dictionaries from D:\Git_hub\qoliru\backend\venv\Lib\site-packages\pymorphy3_dicts_ru\data
2024-06-25 08:57:36,760 INFO format: 2.4, revision: 417150, updated: 2022-01-08T22:09:24.565962
2024-06-25 08:57:43,141 INFO Loading dictionaries from D:\Git_hub\qoliru\backend\venv\Lib\site-packages\pymorphy3_dicts_ru\data
2024-06-25 08:57:43,166 INFO format: 2.4, revision: 417150, updated: 2022-01-08T22:09:24.565962
2024-06-25 08:57:49,864 INFO Loading dictionaries from D:\Git_hub\qoliru\backend\venv\Lib\site-packages\pymorphy3_dicts_ru\data
2024-06-25 08:57:49,891 INFO format: 2.4, revision: 417150, updated: 2022-01-08T22:09:24.565962
2024-06-25 08:57:56,245 INFO Loading dictionaries from D:\Git_hub\qoliru\backend\venv\Lib\site-packages\pymorphy3_dicts_ru\data
2024-06-25 08:57:56,390 INFO format: 2.4, revision: 417150, updated: 2022-01-08T22:09:24.565962
2024-06-25 08:58:02,780 INFO Loading dictionaries from D:\Git_hub\qoliru\backend\venv\Lib\site-packages\pymorphy3_dicts_ru\data
2024-06-25 08:58:02,806 INFO format: 2.4, revision: 417150, updated: 2022-01-08T22:09:24.565962
2024-06-25 08:58:09,682 INFO Loading dictionaries from D:\Git_hub\qoliru\backend\venv\Lib\site-packages\pymorphy3_dicts_ru\data
2024-06-25 08:58:09,708 INFO format: 2.4, revision: 417150, updated: 2022-01-08T22:09:24.565962
2024-06-25 08:58:16,944 INFO Loading dictionaries from D:\Git_hub\qoliru\backend\venv\Lib\site-packages\pymorphy3_dicts_ru\data
2024-06-25 08:58:16,973 INFO format: 2.4, revision: 417150, updated: 2022-01-08T22:09:24.565962
2024-06-25 08:58:23,467 INFO Loading dictionaries from D:\Git_hub\qoliru\backend\venv\Lib\site-packages\pymorphy3_dicts_ru\data
2024-06-25 08:58:23,497 INFO format: 2.4, revision: 417150, updated: 2022-01-08T22:09:24.565962
2024-06-25 08:58:30,504 INFO Loading dictionaries from D:\Git_hub\qoliru\backend\venv\Lib\site-packages\pymorphy3_dicts_ru\data
2024-06-25 08:58:30,540 INFO format: 2.4, revision: 417150, updated: 2022-01-08T22:09:24.565962
2024-06-25 08:58:38,435 INFO Loading dictionaries from D:\Git_hub\qoliru\backend\venv\Lib\site-packages\pymorphy3_dicts_ru\data
2024-06-25 08:58:38,464 INFO format: 2.4, revision: 417150, updated: 2022-01-08T22:09:24.565962
2024-06-25 08:58:41,547 INFO script started
2024-06-25 08:58:41,547 INFO parsing channel yakutsk_newss
2024-06-25 08:58:41,584 INFO Connecting...
2024-06-25 08:58:41,648 INFO Connected! Production DC2 - IPv4
2024-06-25 08:58:41,648 INFO NetworkTask started
2024-06-25 08:58:41,978 INFO Session initialized: Layer 158
2024-06-25 08:58:41,978 INFO Device: CPython 3.11.9 - Pyrogram 2.0.106
2024-06-25 08:58:41,978 INFO System: Windows 10 (en)
2024-06-25 08:58:41,978 INFO Session started
2024-06-25 08:58:41,982 INFO PingTask started
2024-06-25 08:58:42,170 INFO Started 16 HandlerTasks
2024-06-25 08:58:42,726 INFO parsing done successfully
2024-06-25 08:58:42,739 INFO Stopped 16 HandlerTasks
2024-06-25 08:58:42,739 INFO PingTask stopped
2024-06-25 08:58:42,739 INFO Disconnected
2024-06-25 08:58:42,740 INFO NetworkTask stopped
2024-06-25 08:58:42,740 INFO Session stopped
2024-06-25 08:58:42,740 WARNING some errors occurred during script execution
2024-06-25 08:58:47,445 INFO Loading dictionaries from D:\Git_hub\qoliru\backend\venv\Lib\site-packages\pymorphy3_dicts_ru\data
2024-06-25 08:58:47,474 INFO format: 2.4, revision: 417150, updated: 2022-01-08T22:09:24.565962
2024-06-25 08:58:55,423 INFO Loading dictionaries from D:\Git_hub\qoliru\backend\venv\Lib\site-packages\pymorphy3_dicts_ru\data
2024-06-25 08:58:55,576 INFO format: 2.4, revision: 417150, updated: 2022-01-08T22:09:24.565962
2024-06-25 08:59:01,988 INFO Loading dictionaries from D:\Git_hub\qoliru\backend\venv\Lib\site-packages\pymorphy3_dicts_ru\data
2024-06-25 08:59:02,018 INFO format: 2.4, revision: 417150, updated: 2022-01-08T22:09:24.565962
2024-06-25 08:59:08,415 INFO Loading dictionaries from D:\Git_hub\qoliru\backend\venv\Lib\site-packages\pymorphy3_dicts_ru\data
2024-06-25 08:59:08,450 INFO format: 2.4, revision: 417150, updated: 2022-01-08T22:09:24.565962
2024-06-25 08:59:15,202 INFO Loading dictionaries from D:\Git_hub\qoliru\backend\venv\Lib\site-packages\pymorphy3_dicts_ru\data
2024-06-25 08:59:15,235 INFO format: 2.4, revision: 417150, updated: 2022-01-08T22:09:24.565962
2024-06-25 08:59:22,969 INFO Loading dictionaries from D:\Git_hub\qoliru\backend\venv\Lib\site-packages\pymorphy3_dicts_ru\data
2024-06-25 08:59:22,996 INFO format: 2.4, revision: 417150, updated: 2022-01-08T22:09:24.565962
2024-06-25 08:59:29,627 INFO Loading dictionaries from D:\Git_hub\qoliru\backend\venv\Lib\site-packages\pymorphy3_dicts_ru\data
2024-06-25 08:59:29,660 INFO format: 2.4, revision: 417150, updated: 2022-01-08T22:09:24.565962
2024-06-25 08:59:36,539 INFO Loading dictionaries from D:\Git_hub\qoliru\backend\venv\Lib\site-packages\pymorphy3_dicts_ru\data
2024-06-25 08:59:36,571 INFO format: 2.4, revision: 417150, updated: 2022-01-08T22:09:24.565962
2024-06-25 08:59:42,886 INFO Loading dictionaries from D:\Git_hub\qoliru\backend\venv\Lib\site-packages\pymorphy3_dicts_ru\data
2024-06-25 08:59:42,912 INFO format: 2.4, revision: 417150, updated: 2022-01-08T22:09:24.565962
2024-06-25 08:59:45,718 INFO script started
2024-06-25 08:59:45,719 INFO parsing channel ysiaru
2024-06-25 08:59:45,758 INFO Connecting...
2024-06-25 08:59:45,821 INFO Connected! Production DC2 - IPv4
2024-06-25 08:59:45,821 INFO NetworkTask started
2024-06-25 08:59:46,123 INFO Session initialized: Layer 158
2024-06-25 08:59:46,123 INFO Device: CPython 3.11.9 - Pyrogram 2.0.106
2024-06-25 08:59:46,123 INFO System: Windows 10 (en)
2024-06-25 08:59:46,123 INFO Session started
2024-06-25 08:59:46,128 INFO PingTask started
2024-06-25 08:59:46,278 INFO Started 16 HandlerTasks
2024-06-25 08:59:46,921 WARNING [UnboundLocalError("cannot access local variable 'msg_text' where it is not associated with a value"), UnboundLocalError("cannot access local variable 'msg_text' where it is not associated with a value"), UnboundLocalError("cannot access local variable 'msg_text' where it is not associated with a value"), UnboundLocalError("cannot access local variable 'msg_text' where it is not associated with a value"), UnboundLocalError("cannot access local variable 'msg_text' where it is not associated with a value"), UnboundLocalError("cannot access local variable 'msg_text' where it is not associated with a value"), UnboundLocalError("cannot access local variable 'msg_text' where it is not associated with a value"), UnboundLocalError("cannot access local variable 'msg_text' where it is not associated with a value"), UnboundLocalError("cannot access local variable 'msg_text' where it is not associated with a value"), UnboundLocalError("cannot access local variable 'msg_text' where it is not associated with a value"), UnboundLocalError("cannot access local variable 'msg_text' where it is not associated with a value"), UnboundLocalError("cannot access local variable 'msg_text' where it is not associated with a value")]
2024-06-25 08:59:46,935 INFO Stopped 16 HandlerTasks
2024-06-25 08:59:46,935 INFO PingTask stopped
2024-06-25 08:59:46,936 INFO Disconnected
2024-06-25 08:59:46,936 INFO NetworkTask stopped
2024-06-25 08:59:46,936 INFO Session stopped
2024-06-25 08:59:46,936 WARNING some errors occurred during script execution
2024-06-25 08:59:50,508 INFO Loading dictionaries from D:\Git_hub\qoliru\backend\venv\Lib\site-packages\pymorphy3_dicts_ru\data
2024-06-25 08:59:50,638 INFO format: 2.4, revision: 417150, updated: 2022-01-08T22:09:24.565962
2024-06-25 08:59:56,920 INFO Loading dictionaries from D:\Git_hub\qoliru\backend\venv\Lib\site-packages\pymorphy3_dicts_ru\data
2024-06-25 08:59:56,948 INFO format: 2.4, revision: 417150, updated: 2022-01-08T22:09:24.565962
2024-06-25 09:00:04,473 INFO Loading dictionaries from D:\Git_hub\qoliru\backend\venv\Lib\site-packages\pymorphy3_dicts_ru\data
2024-06-25 09:00:04,500 INFO format: 2.4, revision: 417150, updated: 2022-01-08T22:09:24.565962
2024-06-25 09:00:11,165 INFO Loading dictionaries from D:\Git_hub\qoliru\backend\venv\Lib\site-packages\pymorphy3_dicts_ru\data
2024-06-25 09:00:11,192 INFO format: 2.4, revision: 417150, updated: 2022-01-08T22:09:24.565962
2024-06-25 09:00:17,527 INFO Loading dictionaries from D:\Git_hub\qoliru\backend\venv\Lib\site-packages\pymorphy3_dicts_ru\data
2024-06-25 09:00:17,558 INFO format: 2.4, revision: 417150, updated: 2022-01-08T22:09:24.565962
2024-06-25 09:00:23,861 INFO Loading dictionaries from D:\Git_hub\qoliru\backend\venv\Lib\site-packages\pymorphy3_dicts_ru\data
2024-06-25 09:00:23,887 INFO format: 2.4, revision: 417150, updated: 2022-01-08T22:09:24.565962
2024-06-25 09:00:30,601 INFO Loading dictionaries from D:\Git_hub\qoliru\backend\venv\Lib\site-packages\pymorphy3_dicts_ru\data
2024-06-25 09:00:30,628 INFO format: 2.4, revision: 417150, updated: 2022-01-08T22:09:24.565962
2024-06-25 09:00:36,860 INFO Loading dictionaries from D:\Git_hub\qoliru\backend\venv\Lib\site-packages\pymorphy3_dicts_ru\data
2024-06-25 09:00:36,887 INFO format: 2.4, revision: 417150, updated: 2022-01-08T22:09:24.565962
2024-06-25 09:00:43,259 INFO Loading dictionaries from D:\Git_hub\qoliru\backend\venv\Lib\site-packages\pymorphy3_dicts_ru\data
2024-06-25 09:00:43,285 INFO format: 2.4, revision: 417150, updated: 2022-01-08T22:09:24.565962
2024-06-25 09:00:50,962 INFO Loading dictionaries from D:\Git_hub\qoliru\backend\venv\Lib\site-packages\pymorphy3_dicts_ru\data
2024-06-25 09:00:50,989 INFO format: 2.4, revision: 417150, updated: 2022-01-08T22:09:24.565962
2024-06-25 09:00:57,783 INFO Loading dictionaries from D:\Git_hub\qoliru\backend\venv\Lib\site-packages\pymorphy3_dicts_ru\data
2024-06-25 09:00:57,810 INFO format: 2.4, revision: 417150, updated: 2022-01-08T22:09:24.565962
2024-06-25 09:01:04,003 INFO Loading dictionaries from D:\Git_hub\qoliru\backend\venv\Lib\site-packages\pymorphy3_dicts_ru\data
2024-06-25 09:01:04,029 INFO format: 2.4, revision: 417150, updated: 2022-01-08T22:09:24.565962
2024-06-25 09:01:11,171 INFO Loading dictionaries from D:\Git_hub\qoliru\backend\venv\Lib\site-packages\pymorphy3_dicts_ru\data
2024-06-25 09:01:11,199 INFO format: 2.4, revision: 417150, updated: 2022-01-08T22:09:24.565962
2024-06-25 09:01:17,626 INFO Loading dictionaries from D:\Git_hub\qoliru\backend\venv\Lib\site-packages\pymorphy3_dicts_ru\data
2024-06-25 09:01:17,651 INFO format: 2.4, revision: 417150, updated: 2022-01-08T22:09:24.565962
2024-06-25 09:01:26,416 INFO Loading dictionaries from D:\Git_hub\qoliru\backend\venv\Lib\site-packages\pymorphy3_dicts_ru\data
2024-06-25 09:01:26,471 INFO format: 2.4, revision: 417150, updated: 2022-01-08T22:09:24.565962
2024-06-25 09:01:32,333 INFO Loading dictionaries from D:\Git_hub\qoliru\backend\venv\Lib\site-packages\pymorphy3_dicts_ru\data
2024-06-25 09:01:32,357 INFO format: 2.4, revision: 417150, updated: 2022-01-08T22:09:24.565962
